SF:lib/src/repositories/memory_repository.dart
DA:8,4
DA:10,8
DA:11,4
DA:12,2
DA:14,8
DA:15,4
DA:19,1
DA:21,1
DA:23,3
DA:24,2
DA:25,1
DA:26,1
DA:34,1
DA:36,2
DA:37,1
DA:41,2
DA:47,4
DA:48,4
DA:52,1
DA:57,2
DA:58,1
DA:68,1
DA:70,2
DA:71,1
LF:24
LH:24
end_of_record
SF:lib/src/completers/cancelable_task.dart
DA:25,8
DA:31,8
DA:32,8
DA:33,16
DA:36,11
DA:38,3
DA:39,3
DA:40,4
DA:43,3
DA:45,8
DA:46,16
DA:48,4
DA:49,4
DA:50,18
DA:51,4
DA:53,8
DA:54,16
DA:55,8
DA:56,8
DA:57,8
DA:63,2
DA:64,2
DA:67,2
DA:68,6
DA:69,2
DA:76,8
DA:77,22
DA:78,8
DA:81,8
DA:84,24
DA:86,6
DA:87,2
DA:89,2
DA:90,2
DA:91,4
DA:96,16
DA:99,6
DA:100,6
DA:101,6
DA:104,8
LF:40
LH:40
end_of_record
SF:lib/src/exceptions/task_exceptions.dart
DA:6,3
DA:8,1
DA:10,2
DA:17,2
DA:22,1
DA:23,1
DA:24,1
DA:25,1
DA:32,2
DA:38,1
DA:39,1
DA:40,1
DA:42,2
DA:48,3
DA:50,3
DA:51,6
DA:57,3
DA:59,3
DA:60,6
LF:19
LH:19
end_of_record
SF:lib/src/status/task_status.dart
DA:6,3
DA:8,6
DA:10,6
DA:12,3
DA:14,6
DA:16,6
DA:18,9
LF:7
LH:7
end_of_record
SF:lib/src/managers/task_manager.dart
DA:5,2
DA:6,2
DA:8,2
DA:9,2
DA:11,2
DA:14,2
DA:18,2
DA:21,2
LF:8
LH:8
end_of_record
SF:lib/src/managers/task_manager_impl.dart
DA:15,1
DA:16,2
DA:17,2
DA:20,2
DA:25,6
DA:26,2
DA:27,2
DA:28,1
DA:38,2
DA:45,2
DA:47,2
DA:48,2
DA:52,4
DA:53,2
DA:64,2
DA:71,2
DA:73,2
DA:74,2
DA:79,4
DA:80,2
DA:92,2
DA:94,2
DA:100,2
DA:102,2
DA:103,2
DA:105,2
DA:108,4
DA:110,2
DA:121,2
DA:124,2
DA:130,2
DA:132,2
DA:133,2
DA:135,2
DA:138,4
DA:140,2
LF:36
LH:36
end_of_record
SF:lib/src/extensions/duration_extension.dart
DA:4,21
DA:5,6
DA:7,7
DA:8,14
DA:10,7
DA:11,3
DA:12,3
DA:13,1
DA:16,21
DA:17,7
DA:18,6
DA:19,4
DA:22,14
LF:13
LH:13
end_of_record
SF:lib/src/resolvers/reject_after_threshold_resolver.dart
DA:13,3
DA:17,6
DA:20,3
DA:24,12
DA:25,6
DA:27,6
DA:30,3
DA:31,3
DA:34,6
DA:36,3
DA:40,6
DA:41,3
LF:12
LH:12
end_of_record
SF:lib/src/resolvers/sequential_queue_resolver.dart
DA:11,3
DA:15,6
DA:18,3
DA:23,3
DA:24,3
DA:28,6
DA:29,9
DA:30,3
DA:33,3
DA:36,6
DA:37,3
LF:11
LH:11
end_of_record
SF:lib/src/resolvers/shared_result_resolver.dart
DA:15,3
DA:19,3
DA:21,3
DA:27,9
DA:28,2
DA:32,6
DA:34,6
DA:35,3
DA:36,6
DA:39,3
DA:45,3
DA:46,3
DA:49,6
DA:51,3
DA:54,6
DA:56,3
DA:57,2
DA:58,1
DA:60,2
DA:63,3
LF:20
LH:20
end_of_record
SF:lib/src/resolvers/task_resolver.dart
DA:14,6
DA:17,6
DA:18,6
DA:20,5
DA:21,5
DA:22,1
DA:27,6
DA:28,6
DA:32,12
DA:33,18
DA:34,6
DA:36,12
DA:37,6
DA:39,1
DA:40,3
DA:43,3
DA:44,1
DA:46,12
DA:47,6
DA:48,30
DA:53,6
DA:57,24
DA:58,11
DA:59,10
DA:60,4
DA:66,6
DA:72,1
DA:74,2
DA:75,2
DA:80,1
LF:30
LH:30
end_of_record
