SF:lib/src/tasks/task_state.dart
DA:30,11
DA:34,11
DA:35,22
DA:36,22
DA:38,22
DA:41,11
DA:42,11
DA:43,7
DA:47,33
DA:49,8
DA:50,14
DA:51,32
DA:52,8
DA:54,11
DA:55,55
DA:57,4
DA:59,4
DA:61,7
DA:62,7
DA:63,7
DA:66,11
DA:67,11
DA:68,11
DA:71,4
DA:72,4
DA:73,4
DA:76,6
DA:77,6
DA:78,6
DA:81,11
DA:82,11
DA:86,7
DA:87,7
DA:88,7
DA:90,28
DA:94,27
DA:96,1
DA:97,1
DA:98,1
DA:99,1
DA:100,1
DA:101,1
DA:102,1
DA:103,1
DA:104,2
DA:105,1
LF:46
LH:46
end_of_record
SF:lib/src/exceptions/task_exceptions.dart
DA:6,3
DA:8,1
DA:10,2
DA:17,2
DA:22,1
DA:23,1
DA:24,1
DA:25,1
DA:32,2
DA:38,1
DA:39,1
DA:40,1
DA:42,2
DA:48,4
DA:50,4
DA:51,8
DA:57,6
DA:59,6
DA:60,12
LF:19
LH:19
end_of_record
SF:lib/src/extensions/duration_extension.dart
DA:4,24
DA:5,3
DA:7,8
DA:8,16
DA:10,8
DA:11,3
DA:12,3
DA:13,1
DA:16,24
DA:17,8
DA:18,3
DA:19,2
DA:22,16
LF:13
LH:13
end_of_record
SF:lib/src/managers/awesome_task_manager.dart
DA:8,8
DA:9,7
LF:2
LH:2
end_of_record
SF:lib/src/managers/task_manager.dart
DA:9,27
DA:11,54
DA:13,9
DA:14,27
DA:15,29
DA:16,18
DA:19,2
DA:22,4
DA:23,0
DA:25,6
DA:29,0
DA:31,0
DA:32,0
DA:34,0
DA:35,0
DA:38,1
DA:39,2
DA:44,1
DA:45,1
DA:46,3
DA:47,1
DA:48,2
DA:49,2
DA:52,2
DA:56,6
DA:57,2
DA:58,2
DA:61,2
DA:62,1
LF:29
LH:23
end_of_record
SF:lib/src/managers/task_manager_impl.dart
DA:14,3
DA:18,2
DA:25,2
DA:27,4
DA:28,2
DA:32,4
DA:33,2
DA:45,3
DA:49,2
DA:56,2
DA:58,4
DA:59,2
DA:64,4
DA:65,2
DA:76,3
DA:81,2
DA:87,2
DA:89,4
DA:90,2
DA:92,2
DA:95,4
DA:97,2
DA:108,3
DA:113,2
DA:119,2
DA:121,4
DA:122,2
DA:124,2
DA:127,4
DA:129,2
DA:140,2
DA:145,1
DA:151,1
DA:153,2
DA:154,1
DA:156,1
DA:159,2
DA:160,1
LF:38
LH:38
end_of_record
SF:lib/src/status/task_status.dart
DA:4,12
DA:5,12
DA:33,12
DA:35,10
DA:36,20
DA:38,10
DA:39,20
DA:41,1
DA:42,2
DA:44,2
DA:45,4
DA:47,2
DA:48,4
DA:50,1
DA:51,2
DA:53,2
DA:54,4
DA:56,2
DA:57,4
DA:59,1
DA:60,2
DA:62,1
DA:63,2
LF:23
LH:23
end_of_record
SF:lib/src/widgets/task_observer_widget.dart
DA:8,1
DA:11,1
DA:17,1
DA:21,1
DA:27,1
DA:31,1
DA:37,1
DA:44,1
DA:45,1
DA:51,1
DA:53,3
DA:54,1
DA:55,3
DA:56,4
DA:57,1
DA:60,1
DA:61,1
DA:62,1
DA:63,1
DA:64,1
DA:65,4
DA:66,3
LF:22
LH:22
end_of_record
SF:lib/src/managers/awesome_task_manager_impl.dart
DA:10,1
DA:12,1
DA:14,0
DA:16,0
DA:18,3
DA:22,3
DA:24,3
DA:28,3
DA:30,3
DA:35,3
DA:37,3
DA:42,3
DA:45,1
DA:50,1
DA:53,1
DA:55,2
DA:58,1
DA:60,2
DA:63,8
DA:73,16
DA:74,8
DA:83,2
DA:84,1
LF:23
LH:21
end_of_record
SF:lib/src/streams/observable_stream.dart
DA:9,12
DA:12,3
DA:13,6
DA:16,2
DA:17,4
DA:18,4
DA:19,3
DA:23,2
DA:25,2
DA:27,12
DA:28,12
DA:29,24
DA:32,1
DA:33,2
DA:36,3
DA:37,3
DA:38,3
DA:42,6
DA:44,2
DA:48,9
DA:50,3
LF:21
LH:21
end_of_record
SF:lib/src/resolvers/task_resolver.dart
DA:12,7
DA:15,14
DA:17,6
DA:18,6
DA:19,1
DA:24,8
DA:25,7
DA:29,7
DA:30,14
DA:31,7
DA:32,28
DA:35,14
DA:36,7
DA:38,3
DA:39,3
DA:40,3
DA:41,9
DA:45,1
DA:46,1
DA:47,3
DA:49,1
DA:51,14
DA:52,7
DA:53,7
DA:54,14
DA:55,28
DA:61,7
DA:65,28
DA:66,13
DA:67,12
DA:68,4
DA:74,7
DA:80,1
DA:82,2
DA:83,2
DA:88,1
LF:36
LH:36
end_of_record
SF:lib/src/resolvers/cancel_previous_resolver.dart
DA:11,2
DA:16,4
DA:19,2
DA:24,6
DA:25,6
DA:27,4
DA:31,2
DA:32,2
DA:33,2
DA:36,4
DA:38,2
DA:41,4
DA:42,2
LF:13
LH:13
end_of_record
SF:lib/src/resolvers/reject_after_threshold_resolver.dart
DA:11,3
DA:16,6
DA:19,3
DA:21,12
DA:22,8
DA:23,2
DA:24,4
DA:27,3
DA:28,3
DA:29,3
DA:32,6
DA:34,3
DA:37,6
DA:38,3
LF:14
LH:14
end_of_record
SF:lib/src/resolvers/sequential_queue_resolver.dart
DA:10,3
DA:15,6
DA:18,3
DA:23,3
DA:24,3
DA:25,3
DA:29,6
DA:30,9
DA:31,3
DA:34,3
DA:37,6
DA:38,3
LF:12
LH:12
end_of_record
SF:lib/src/resolvers/shared_result_resolver.dart
DA:14,3
DA:18,3
DA:20,3
DA:26,9
DA:27,2
DA:31,6
DA:33,6
DA:34,3
DA:35,9
DA:36,3
DA:42,3
DA:43,3
DA:44,3
DA:47,6
DA:49,3
DA:52,6
DA:54,3
DA:55,2
DA:56,1
DA:58,2
DA:60,3
LF:21
LH:21
end_of_record
SF:lib/src/repositories/memory_repository.dart
DA:8,4
DA:10,8
DA:11,4
DA:12,2
DA:14,8
DA:15,4
DA:19,1
DA:21,1
DA:23,3
DA:24,2
DA:25,1
DA:26,1
DA:34,1
DA:36,2
DA:37,1
DA:41,2
DA:47,4
DA:48,4
DA:52,1
DA:57,2
DA:58,1
DA:68,1
DA:70,2
DA:71,1
LF:24
LH:24
end_of_record
SF:lib/src/tasks/cancelable_task.dart
DA:11,10
DA:18,5
DA:19,5
DA:21,20
DA:22,5
DA:28,10
DA:29,28
DA:30,10
DA:33,10
DA:36,30
DA:38,15
DA:39,3
DA:40,6
DA:44,20
DA:45,10
DA:47,12
DA:48,12
DA:49,8
DA:50,4
DA:53,10
LF:20
LH:20
end_of_record
